<?xml version="1.0" encoding="UTF-8"?>
<testsuite xmlns:xsi="http://www.w3.org/2001/XMLSchema-instance" xsi:noNamespaceSchemaLocation="https://maven.apache.org/surefire/maven-surefire-plugin/xsd/surefire-test-report.xsd" version="3.0.2" name="com.revature.PlanetariumTestSuite" time="449.092" tests="289" errors="0" skipped="0" failures="0">
  <properties>
[...]
</properties>
  <testcase name="daoCreateUserPositiveTest" classname="com.revature.repository.positive.UserDaoPositiveTest" time="2.904">
    <system-out><![CDATA[Database setup complete
]]></system-out>
  </testcase>
  <testcase name="daoFindUserByUsernamePositiveTest" classname="com.revature.repository.positive.UserDaoPositiveTest" time="1.509">
    <system-out><![CDATA[Database setup complete
]]></system-out>
  </testcase>
  <testcase name="daoCreateUserNegativeTest[0]" classname="com.revature.repository.negative.UserDaoCreateUserNegativeTest" time="1.472">
    <system-out><![CDATA[Database setup complete
]]></system-out>
  </testcase>
  <testcase name="daoCreateUserNegativeTest[1]" classname="com.revature.repository.negative.UserDaoCreateUserNegativeTest" time="1.486">
    <system-out><![CDATA[Database setup complete
]]></system-out>
  </testcase>
  <testcase name="daoCreateUserNegativeTest[2]" classname="com.revature.repository.negative.UserDaoCreateUserNegativeTest" time="1.46">
    <system-out><![CDATA[Database setup complete
]]></system-out>
  </testcase>
  <testcase name="daoCreateUserNegativeTest[3]" classname="com.revature.repository.negative.UserDaoCreateUserNegativeTest" time="1.561">
    <system-out><![CDATA[Database setup complete
]]></system-out>
  </testcase>
  <testcase name="daoCreateUserNegativeTest[4]" classname="com.revature.repository.negative.UserDaoCreateUserNegativeTest" time="1.437">
    <system-out><![CDATA[Database setup complete
]]></system-out>
  </testcase>
  <testcase name="daoCreateUserNegativeTest[5]" classname="com.revature.repository.negative.UserDaoCreateUserNegativeTest" time="1.495">
    <system-out><![CDATA[Database setup complete
]]></system-out>
  </testcase>
  <testcase name="daoCreateUserNegativeTest[6]" classname="com.revature.repository.negative.UserDaoCreateUserNegativeTest" time="1.562">
    <system-out><![CDATA[Database setup complete
]]></system-out>
  </testcase>
  <testcase name="daoCreateUserNegativeTest[7]" classname="com.revature.repository.negative.UserDaoCreateUserNegativeTest" time="1.417">
    <system-out><![CDATA[Database setup complete
]]></system-out>
  </testcase>
  <testcase name="daoCreateUserNegativeTest[8]" classname="com.revature.repository.negative.UserDaoCreateUserNegativeTest" time="1.581">
    <system-out><![CDATA[Database setup complete
]]></system-out>
  </testcase>
  <testcase name="daoCreateUserNegativeTest[9]" classname="com.revature.repository.negative.UserDaoCreateUserNegativeTest" time="1.577">
    <system-out><![CDATA[Database setup complete
]]></system-out>
  </testcase>
  <testcase name="daoCreateUserNegativeTest[10]" classname="com.revature.repository.negative.UserDaoCreateUserNegativeTest" time="1.548">
    <system-out><![CDATA[Database setup complete
]]></system-out>
  </testcase>
  <testcase name="daoCreateUserNegativeTest[11]" classname="com.revature.repository.negative.UserDaoCreateUserNegativeTest" time="1.579">
    <system-out><![CDATA[Database setup complete
]]></system-out>
  </testcase>
  <testcase name="daoFindUserByUsernameNegativeTest" classname="com.revature.repository.negative.UserDaoFindUserByUsernameNegativeTest" time="1.548">
    <system-out><![CDATA[Database setup complete
]]></system-out>
  </testcase>
  <testcase name="serviceCreateUserPositiveTest" classname="com.revature.service.positive.UserServicePositiveTest" time="2.695">
    <system-out><![CDATA[Database setup complete
]]></system-out>
  </testcase>
  <testcase name="serviceAuthenticatePositiveTest" classname="com.revature.service.positive.UserServicePositiveTest" time="1.218">
    <system-out><![CDATA[Database setup complete
]]></system-out>
  </testcase>
  <testcase name="createUserNegativeTest[0]" classname="com.revature.service.negative.UserServiceCreateUserNegativeTest" time="1.354">
    <system-out><![CDATA[Database setup complete
]]></system-out>
  </testcase>
  <testcase name="createUserNegativeTest[1]" classname="com.revature.service.negative.UserServiceCreateUserNegativeTest" time="1.238">
    <system-out><![CDATA[Database setup complete
]]></system-out>
  </testcase>
  <testcase name="createUserNegativeTest[2]" classname="com.revature.service.negative.UserServiceCreateUserNegativeTest" time="1.173">
    <system-out><![CDATA[Database setup complete
]]></system-out>
  </testcase>
  <testcase name="createUserNegativeTest[3]" classname="com.revature.service.negative.UserServiceCreateUserNegativeTest" time="1.163">
    <system-out><![CDATA[Database setup complete
]]></system-out>
  </testcase>
  <testcase name="createUserNegativeTest[4]" classname="com.revature.service.negative.UserServiceCreateUserNegativeTest" time="1.163">
    <system-out><![CDATA[Database setup complete
]]></system-out>
  </testcase>
  <testcase name="createUserNegativeTest[5]" classname="com.revature.service.negative.UserServiceCreateUserNegativeTest" time="1.125">
    <system-out><![CDATA[Database setup complete
]]></system-out>
  </testcase>
  <testcase name="createUserNegativeTest[6]" classname="com.revature.service.negative.UserServiceCreateUserNegativeTest" time="1.144">
    <system-out><![CDATA[Database setup complete
]]></system-out>
  </testcase>
  <testcase name="createUserNegativeTest[7]" classname="com.revature.service.negative.UserServiceCreateUserNegativeTest" time="1.168">
    <system-out><![CDATA[Database setup complete
]]></system-out>
  </testcase>
  <testcase name="createUserNegativeTest[8]" classname="com.revature.service.negative.UserServiceCreateUserNegativeTest" time="1.188">
    <system-out><![CDATA[Database setup complete
]]></system-out>
  </testcase>
  <testcase name="createUserNegativeTest[9]" classname="com.revature.service.negative.UserServiceCreateUserNegativeTest" time="1.193">
    <system-out><![CDATA[Database setup complete
]]></system-out>
  </testcase>
  <testcase name="createUserNegativeTest[10]" classname="com.revature.service.negative.UserServiceCreateUserNegativeTest" time="1.227">
    <system-out><![CDATA[Database setup complete
]]></system-out>
  </testcase>
  <testcase name="createUserNegativeTest[11]" classname="com.revature.service.negative.UserServiceCreateUserNegativeTest" time="1.171">
    <system-out><![CDATA[Database setup complete
]]></system-out>
  </testcase>
  <testcase name="serviceAuthenticateNegativeTest[0]" classname="com.revature.service.negative.UserServiceAuthenticateNegativeTest" time="1.155">
    <system-out><![CDATA[Database setup complete
]]></system-out>
  </testcase>
  <testcase name="serviceAuthenticateNegativeTest[1]" classname="com.revature.service.negative.UserServiceAuthenticateNegativeTest" time="1.165">
    <system-out><![CDATA[Database setup complete
]]></system-out>
  </testcase>
  <testcase name="daoCreatePlanetPositiveTestJPG" classname="com.revature.repository.positive.PlanetDaoPositiveTest" time="2.302">
    <system-out><![CDATA[Database setup complete
]]></system-out>
  </testcase>
  <testcase name="daoCreatePlanetPositiveTestPNG" classname="com.revature.repository.positive.PlanetDaoPositiveTest" time="2.287">
    <system-out><![CDATA[Database setup complete
]]></system-out>
  </testcase>
  <testcase name="daoCheckUserExistsPositiveTest" classname="com.revature.repository.positive.PlanetDaoPositiveTest" time="1.568">
    <system-out><![CDATA[Database setup complete
]]></system-out>
  </testcase>
  <testcase name="daoReadPlanetByOwnerPositiveTest" classname="com.revature.repository.positive.PlanetDaoPositiveTest" time="1.795">
    <system-out><![CDATA[Database setup complete
[Planet [planetId=1, planetName=Earth, ownerId=1], Planet [planetId=2, planetName=Mars, ownerId=1]]
]]></system-out>
  </testcase>
  <testcase name="daoDeletePlanetByNamePositiveTest" classname="com.revature.repository.positive.PlanetDaoPositiveTest" time="1.634">
    <system-out><![CDATA[Database setup complete
]]></system-out>
  </testcase>
  <testcase name="daoCreatePlanetPositiveTestNoImage" classname="com.revature.repository.positive.PlanetDaoPositiveTest" time="2.003">
    <system-out><![CDATA[Database setup complete
]]></system-out>
  </testcase>
  <testcase name="daoCreatePlanetNegativeTest[0]" classname="com.revature.repository.negative.PlanetDaoCreatePlanetNegativeTest" time="1.447">
    <system-out><![CDATA[Database setup complete
]]></system-out>
  </testcase>
  <testcase name="daoCreatePlanetNegativeTest[1]" classname="com.revature.repository.negative.PlanetDaoCreatePlanetNegativeTest" time="1.635">
    <system-out><![CDATA[Database setup complete
]]></system-out>
  </testcase>
  <testcase name="daoCreatePlanetNegativeTest[2]" classname="com.revature.repository.negative.PlanetDaoCreatePlanetNegativeTest" time="1.493">
    <system-out><![CDATA[Database setup complete
]]></system-out>
  </testcase>
  <testcase name="daoCreatePlanetNegativeTest[3]" classname="com.revature.repository.negative.PlanetDaoCreatePlanetNegativeTest" time="1.552">
    <system-out><![CDATA[Database setup complete
]]></system-out>
  </testcase>
  <testcase name="daoCreatePlanetNegativeTest[4]" classname="com.revature.repository.negative.PlanetDaoCreatePlanetNegativeTest" time="1.569">
    <system-out><![CDATA[Database setup complete
]]></system-out>
  </testcase>
  <testcase name="daoCreatePlanetNegativeTest[5]" classname="com.revature.repository.negative.PlanetDaoCreatePlanetNegativeTest" time="1.542">
    <system-out><![CDATA[Database setup complete
]]></system-out>
  </testcase>
  <testcase name="daoReadPlanetByOwnerNegativeTest" classname="com.revature.repository.negative.PlanetDaoDeletePlanetByNameNegativeTest" time="1.492">
    <system-out><![CDATA[Database setup complete
]]></system-out>
  </testcase>
  <testcase name="daoReadPlanetByOwnerNegativeTest" classname="com.revature.repository.negative.PlanetDaoReadPlanetsByOwnerNegativeTest" time="1.538">
    <system-out><![CDATA[Database setup complete
]]></system-out>
  </testcase>
  <testcase name="daoUpdatePlanetPositiveTest[0]" classname="com.revature.repository.positive.PlanetDaoUpdatePlanetPositiveTest" time="3.199">
    <system-out><![CDATA[Database setup complete
]]></system-out>
  </testcase>
  <testcase name="daoUpdatePlanetPositiveTest[1]" classname="com.revature.repository.positive.PlanetDaoUpdatePlanetPositiveTest" time="3.088">
    <system-out><![CDATA[Database setup complete
]]></system-out>
  </testcase>
  <testcase name="daoUpdatePlanetPositiveTest[2]" classname="com.revature.repository.positive.PlanetDaoUpdatePlanetPositiveTest" time="3.127">
    <system-out><![CDATA[Database setup complete
]]></system-out>
  </testcase>
  <testcase name="daoUpdatePlanetPositiveTest[3]" classname="com.revature.repository.positive.PlanetDaoUpdatePlanetPositiveTest" time="2.942">
    <system-out><![CDATA[Database setup complete
]]></system-out>
  </testcase>
  <testcase name="daoUpdatePlanetPositiveTest[4]" classname="com.revature.repository.positive.PlanetDaoUpdatePlanetPositiveTest" time="3.004">
    <system-out><![CDATA[Database setup complete
]]></system-out>
  </testcase>
  <testcase name="daoUpdatePlanetPositiveTest[5]" classname="com.revature.repository.positive.PlanetDaoUpdatePlanetPositiveTest" time="3.027">
    <system-out><![CDATA[Database setup complete
]]></system-out>
  </testcase>
  <testcase name="daoUpdatePlanetNegativeTest[0]" classname="com.revature.repository.negative.PlanetDaoUpdatePlanetNegativeTest" time="2.304">
    <system-out><![CDATA[Database setup complete
]]></system-out>
  </testcase>
  <testcase name="daoUpdatePlanetNegativeTest[1]" classname="com.revature.repository.negative.PlanetDaoUpdatePlanetNegativeTest" time="2.339">
    <system-out><![CDATA[Database setup complete
]]></system-out>
  </testcase>
  <testcase name="daoUpdatePlanetNegativeTest[2]" classname="com.revature.repository.negative.PlanetDaoUpdatePlanetNegativeTest" time="2.332">
    <system-out><![CDATA[Database setup complete
]]></system-out>
  </testcase>
  <testcase name="daoUpdatePlanetNegativeTest[3]" classname="com.revature.repository.negative.PlanetDaoUpdatePlanetNegativeTest" time="2.428">
    <system-out><![CDATA[Database setup complete
]]></system-out>
  </testcase>
  <testcase name="daoUpdatePlanetNegativeTest[4]" classname="com.revature.repository.negative.PlanetDaoUpdatePlanetNegativeTest" time="2.459">
    <system-out><![CDATA[Database setup complete
]]></system-out>
  </testcase>
  <testcase name="daoUpdatePlanetNegativeTest[5]" classname="com.revature.repository.negative.PlanetDaoUpdatePlanetNegativeTest" time="2.505">
    <system-out><![CDATA[Database setup complete
]]></system-out>
  </testcase>
  <testcase name="daoUpdatePlanetNegativeTest[6]" classname="com.revature.repository.negative.PlanetDaoUpdatePlanetNegativeTest" time="2.082">
    <system-out><![CDATA[Database setup complete
]]></system-out>
  </testcase>
  <testcase name="daoUpdatePlanetNegativeTest[7]" classname="com.revature.repository.negative.PlanetDaoUpdatePlanetNegativeTest" time="2.075">
    <system-out><![CDATA[Database setup complete
]]></system-out>
  </testcase>
  <testcase name="daoUpdatePlanetNegativeTest[8]" classname="com.revature.repository.negative.PlanetDaoUpdatePlanetNegativeTest" time="2.094">
    <system-out><![CDATA[Database setup complete
]]></system-out>
  </testcase>
  <testcase name="daoUpdatePlanetNegativeTest[9]" classname="com.revature.repository.negative.PlanetDaoUpdatePlanetNegativeTest" time="2.089">
    <system-out><![CDATA[Database setup complete
]]></system-out>
  </testcase>
  <testcase name="daoUpdatePlanetNegativeTest[10]" classname="com.revature.repository.negative.PlanetDaoUpdatePlanetNegativeTest" time="1.97">
    <system-out><![CDATA[Database setup complete
]]></system-out>
  </testcase>
  <testcase name="daoUpdatePlanetNegativeTest[11]" classname="com.revature.repository.negative.PlanetDaoUpdatePlanetNegativeTest" time="1.977">
    <system-out><![CDATA[Database setup complete
]]></system-out>
  </testcase>
  <testcase name="daoUpdatePlanetNegativeTest[12]" classname="com.revature.repository.negative.PlanetDaoUpdatePlanetNegativeTest" time="2.048">
    <system-out><![CDATA[Database setup complete
]]></system-out>
  </testcase>
  <testcase name="daoUpdatePlanetNegativeTest[13]" classname="com.revature.repository.negative.PlanetDaoUpdatePlanetNegativeTest" time="1.945">
    <system-out><![CDATA[Database setup complete
]]></system-out>
  </testcase>
  <testcase name="daoUpdatePlanetNegativeTest[14]" classname="com.revature.repository.negative.PlanetDaoUpdatePlanetNegativeTest" time="2.024">
    <system-out><![CDATA[Database setup complete
]]></system-out>
  </testcase>
  <testcase name="daoUpdatePlanetNegativeTest[15]" classname="com.revature.repository.negative.PlanetDaoUpdatePlanetNegativeTest" time="2.185">
    <system-out><![CDATA[Database setup complete
]]></system-out>
  </testcase>
  <testcase name="daoUpdatePlanetNegativeTest[16]" classname="com.revature.repository.negative.PlanetDaoUpdatePlanetNegativeTest" time="2.048">
    <system-out><![CDATA[Database setup complete
]]></system-out>
  </testcase>
  <testcase name="daoUpdatePlanetNegativeTest[17]" classname="com.revature.repository.negative.PlanetDaoUpdatePlanetNegativeTest" time="2.124">
    <system-out><![CDATA[Database setup complete
]]></system-out>
  </testcase>
  <testcase name="daoUpdatePlanetNegativeTest[18]" classname="com.revature.repository.negative.PlanetDaoUpdatePlanetNegativeTest" time="2.057">
    <system-out><![CDATA[Database setup complete
]]></system-out>
  </testcase>
  <testcase name="daoUpdatePlanetNegativeTest[19]" classname="com.revature.repository.negative.PlanetDaoUpdatePlanetNegativeTest" time="2.144">
    <system-out><![CDATA[Database setup complete
]]></system-out>
  </testcase>
  <testcase name="daoUpdatePlanetNegativeTest[20]" classname="com.revature.repository.negative.PlanetDaoUpdatePlanetNegativeTest" time="2.103">
    <system-out><![CDATA[Database setup complete
]]></system-out>
  </testcase>
  <testcase name="daoUpdatePlanetNegativeTest[21]" classname="com.revature.repository.negative.PlanetDaoUpdatePlanetNegativeTest" time="2.187">
    <system-out><![CDATA[Database setup complete
]]></system-out>
  </testcase>
  <testcase name="daoUpdatePlanetNegativeTest[22]" classname="com.revature.repository.negative.PlanetDaoUpdatePlanetNegativeTest" time="2.156">
    <system-out><![CDATA[Database setup complete
]]></system-out>
  </testcase>
  <testcase name="daoUpdatePlanetNegativeTest[23]" classname="com.revature.repository.negative.PlanetDaoUpdatePlanetNegativeTest" time="2.109">
    <system-out><![CDATA[Database setup complete
]]></system-out>
  </testcase>
  <testcase name="daoUpdatePlanetNegativeTest[24]" classname="com.revature.repository.negative.PlanetDaoUpdatePlanetNegativeTest" time="2.163">
    <system-out><![CDATA[Database setup complete
]]></system-out>
  </testcase>
  <testcase name="daoUpdatePlanetNegativeTest[25]" classname="com.revature.repository.negative.PlanetDaoUpdatePlanetNegativeTest" time="2.175">
    <system-out><![CDATA[Database setup complete
]]></system-out>
  </testcase>
  <testcase name="daoUpdatePlanetNegativeTest[26]" classname="com.revature.repository.negative.PlanetDaoUpdatePlanetNegativeTest" time="2.203">
    <system-out><![CDATA[Database setup complete
]]></system-out>
  </testcase>
  <testcase name="daoUpdatePlanetNegativeTest[27]" classname="com.revature.repository.negative.PlanetDaoUpdatePlanetNegativeTest" time="2.152">
    <system-out><![CDATA[Database setup complete
]]></system-out>
  </testcase>
  <testcase name="daoUpdatePlanetNegativeTest[28]" classname="com.revature.repository.negative.PlanetDaoUpdatePlanetNegativeTest" time="2.122">
    <system-out><![CDATA[Database setup complete
]]></system-out>
  </testcase>
  <testcase name="daoUpdatePlanetNegativeTest[29]" classname="com.revature.repository.negative.PlanetDaoUpdatePlanetNegativeTest" time="2.146">
    <system-out><![CDATA[Database setup complete
]]></system-out>
  </testcase>
  <testcase name="daoUpdatePlanetNegativeTest[30]" classname="com.revature.repository.negative.PlanetDaoUpdatePlanetNegativeTest" time="1.555">
    <system-out><![CDATA[Database setup complete
]]></system-out>
  </testcase>
  <testcase name="daoUpdatePlanetNegativeTest[31]" classname="com.revature.repository.negative.PlanetDaoUpdatePlanetNegativeTest" time="1.436">
    <system-out><![CDATA[Database setup complete
]]></system-out>
  </testcase>
  <testcase name="daoUpdatePlanetNegativeTest[32]" classname="com.revature.repository.negative.PlanetDaoUpdatePlanetNegativeTest" time="1.532">
    <system-out><![CDATA[Database setup complete
]]></system-out>
  </testcase>
  <testcase name="daoUpdatePlanetNegativeTest[33]" classname="com.revature.repository.negative.PlanetDaoUpdatePlanetNegativeTest" time="1.55">
    <system-out><![CDATA[Database setup complete
]]></system-out>
  </testcase>
  <testcase name="daoUpdatePlanetNegativeTest[34]" classname="com.revature.repository.negative.PlanetDaoUpdatePlanetNegativeTest" time="1.503">
    <system-out><![CDATA[Database setup complete
]]></system-out>
  </testcase>
  <testcase name="daoUpdatePlanetNegativeTest[35]" classname="com.revature.repository.negative.PlanetDaoUpdatePlanetNegativeTest" time="1.459">
    <system-out><![CDATA[Database setup complete
]]></system-out>
  </testcase>
  <testcase name="daoUpdatePlanetNegativeTest[36]" classname="com.revature.repository.negative.PlanetDaoUpdatePlanetNegativeTest" time="1.571">
    <system-out><![CDATA[Database setup complete
]]></system-out>
  </testcase>
  <testcase name="daoUpdatePlanetNegativeTest[37]" classname="com.revature.repository.negative.PlanetDaoUpdatePlanetNegativeTest" time="1.948">
    <system-out><![CDATA[Database setup complete
]]></system-out>
  </testcase>
  <testcase name="daoUpdatePlanetNegativeTest[38]" classname="com.revature.repository.negative.PlanetDaoUpdatePlanetNegativeTest" time="1.552">
    <system-out><![CDATA[Database setup complete
]]></system-out>
  </testcase>
  <testcase name="daoUpdatePlanetNegativeTest[39]" classname="com.revature.repository.negative.PlanetDaoUpdatePlanetNegativeTest" time="1.54">
    <system-out><![CDATA[Database setup complete
]]></system-out>
  </testcase>
  <testcase name="daoUpdatePlanetNegativeTest[40]" classname="com.revature.repository.negative.PlanetDaoUpdatePlanetNegativeTest" time="1.514">
    <system-out><![CDATA[Database setup complete
]]></system-out>
  </testcase>
  <testcase name="daoUpdatePlanetNegativeTest[41]" classname="com.revature.repository.negative.PlanetDaoUpdatePlanetNegativeTest" time="1.6">
    <system-out><![CDATA[Database setup complete
]]></system-out>
  </testcase>
  <testcase name="daoCheckUserExistsNegativeTest" classname="com.revature.repository.negative.PlanetDaoCheckUserExistsNegativeTest" time="1.73">
    <system-out><![CDATA[Database setup complete
]]></system-out>
  </testcase>
  <testcase name="serviceCreatePlanetImagePositiveTestJPG" classname="com.revature.service.positive.PlanetServicePositiveTest" time="1.269">
    <system-out><![CDATA[Database setup complete
]]></system-out>
  </testcase>
  <testcase name="serviceCreatePlanetImagePositiveTestPNG" classname="com.revature.service.positive.PlanetServicePositiveTest" time="1.201">
    <system-out><![CDATA[Database setup complete
]]></system-out>
  </testcase>
  <testcase name="serviceRetrievalPlanetPositiveTest" classname="com.revature.service.positive.PlanetServicePositiveTest" time="1.149">
    <system-out><![CDATA[Database setup complete
]]></system-out>
  </testcase>
  <testcase name="serviceCreatePlanetPositiveTest" classname="com.revature.service.positive.PlanetServicePositiveTest" time="1.23">
    <system-out><![CDATA[Database setup complete
]]></system-out>
  </testcase>
  <testcase name="serviceDeletePlanetPositiveTest" classname="com.revature.service.positive.PlanetServicePositiveTest" time="1.236">
    <system-out><![CDATA[Database setup complete
]]></system-out>
  </testcase>
  <testcase name="serviceCreatePlanetNegativeTest[0]" classname="com.revature.service.negative.PlanetServiceCreateNegativeTest" time="1.138">
    <system-out><![CDATA[Database setup complete
]]></system-out>
  </testcase>
  <testcase name="serviceCreatePlanetNegativeTest[1]" classname="com.revature.service.negative.PlanetServiceCreateNegativeTest" time="1.141">
    <system-out><![CDATA[Database setup complete
]]></system-out>
  </testcase>
  <testcase name="serviceCreatePlanetNegativeTest[2]" classname="com.revature.service.negative.PlanetServiceCreateNegativeTest" time="1.147">
    <system-out><![CDATA[Database setup complete
]]></system-out>
  </testcase>
  <testcase name="serviceCreatePlanetNegativeTest[3]" classname="com.revature.service.negative.PlanetServiceCreateNegativeTest" time="1.196">
    <system-out><![CDATA[Database setup complete
]]></system-out>
  </testcase>
  <testcase name="serviceCreatePlanetNegativeTest[4]" classname="com.revature.service.negative.PlanetServiceCreateNegativeTest" time="1.039">
    <system-out><![CDATA[Database setup complete
]]></system-out>
  </testcase>
  <testcase name="serviceCreatePlanetNegativeTest[5]" classname="com.revature.service.negative.PlanetServiceCreateNegativeTest" time="1.179">
    <system-out><![CDATA[Database setup complete
]]></system-out>
  </testcase>
  <testcase name="serviceCreatePlanetNegativeTest[6]" classname="com.revature.service.negative.PlanetServiceCreateNegativeTest" time="1.068">
    <system-out><![CDATA[Database setup complete
]]></system-out>
  </testcase>
  <testcase name="serviceCreatePlanetNegativeTest[7]" classname="com.revature.service.negative.PlanetServiceCreateNegativeTest" time="1.161">
    <system-out><![CDATA[Database setup complete
]]></system-out>
  </testcase>
  <testcase name="serviceRetrievePlanetNegativeTest" classname="com.revature.service.negative.PlanetServiceRetrievalNegativeTest" time="1.081">
    <system-out><![CDATA[Database setup complete
]]></system-out>
  </testcase>
  <testcase name="serviceDeletePlanetNegativeTest" classname="com.revature.service.negative.PlanetServiceDeletionNegativeTest" time="1.051">
    <system-out><![CDATA[Database setup complete
]]></system-out>
  </testcase>
  <testcase name="serviceUpdatePlanetNegativeTest[0]" classname="com.revature.service.negative.PlanetServiceUpdateNegativeTest" time="1.204">
    <system-out><![CDATA[Database setup complete
]]></system-out>
  </testcase>
  <testcase name="serviceUpdatePlanetNegativeTest[1]" classname="com.revature.service.negative.PlanetServiceUpdateNegativeTest" time="1.17">
    <system-out><![CDATA[Database setup complete
]]></system-out>
  </testcase>
  <testcase name="serviceUpdatePlanetNegativeTest[2]" classname="com.revature.service.negative.PlanetServiceUpdateNegativeTest" time="1.127">
    <system-out><![CDATA[Database setup complete
]]></system-out>
  </testcase>
  <testcase name="serviceUpdatePlanetNegativeTest[3]" classname="com.revature.service.negative.PlanetServiceUpdateNegativeTest" time="1.334">
    <system-out><![CDATA[Database setup complete
]]></system-out>
  </testcase>
  <testcase name="serviceUpdatePlanetNegativeTest[4]" classname="com.revature.service.negative.PlanetServiceUpdateNegativeTest" time="1.187">
    <system-out><![CDATA[Database setup complete
]]></system-out>
  </testcase>
  <testcase name="serviceUpdatePlanetNegativeTest[5]" classname="com.revature.service.negative.PlanetServiceUpdateNegativeTest" time="1.195">
    <system-out><![CDATA[Database setup complete
]]></system-out>
  </testcase>
  <testcase name="serviceUpdatePlanetNegativeTest[6]" classname="com.revature.service.negative.PlanetServiceUpdateNegativeTest" time="1.109">
    <system-out><![CDATA[Database setup complete
]]></system-out>
  </testcase>
  <testcase name="serviceUpdatePlanetNegativeTest[7]" classname="com.revature.service.negative.PlanetServiceUpdateNegativeTest" time="1.17">
    <system-out><![CDATA[Database setup complete
]]></system-out>
  </testcase>
  <testcase name="serviceUpdatePlanetNegativeTest[8]" classname="com.revature.service.negative.PlanetServiceUpdateNegativeTest" time="1.028">
    <system-out><![CDATA[Database setup complete
]]></system-out>
  </testcase>
  <testcase name="serviceUpdatePlanetNegativeTest[9]" classname="com.revature.service.negative.PlanetServiceUpdateNegativeTest" time="1.12">
    <system-out><![CDATA[Database setup complete
]]></system-out>
  </testcase>
  <testcase name="serviceUpdatePlanetNegativeTest[10]" classname="com.revature.service.negative.PlanetServiceUpdateNegativeTest" time="1.095">
    <system-out><![CDATA[Database setup complete
]]></system-out>
  </testcase>
  <testcase name="serviceUpdatePlanetNegativeTest[11]" classname="com.revature.service.negative.PlanetServiceUpdateNegativeTest" time="1.133">
    <system-out><![CDATA[Database setup complete
]]></system-out>
  </testcase>
  <testcase name="serviceUpdatePlanetNegativeTest[12]" classname="com.revature.service.negative.PlanetServiceUpdateNegativeTest" time="1.154">
    <system-out><![CDATA[Database setup complete
]]></system-out>
  </testcase>
  <testcase name="serviceUpdatePlanetNegativeTest[13]" classname="com.revature.service.negative.PlanetServiceUpdateNegativeTest" time="1.15">
    <system-out><![CDATA[Database setup complete
]]></system-out>
  </testcase>
  <testcase name="serviceUpdatePlanetNegativeTest[14]" classname="com.revature.service.negative.PlanetServiceUpdateNegativeTest" time="1.092">
    <system-out><![CDATA[Database setup complete
]]></system-out>
  </testcase>
  <testcase name="serviceUpdatePlanetNegativeTest[15]" classname="com.revature.service.negative.PlanetServiceUpdateNegativeTest" time="1.114">
    <system-out><![CDATA[Database setup complete
]]></system-out>
  </testcase>
  <testcase name="serviceUpdatePlanetNegativeTest[16]" classname="com.revature.service.negative.PlanetServiceUpdateNegativeTest" time="1.177">
    <system-out><![CDATA[Database setup complete
]]></system-out>
  </testcase>
  <testcase name="serviceUpdatePlanetNegativeTest[17]" classname="com.revature.service.negative.PlanetServiceUpdateNegativeTest" time="1.189">
    <system-out><![CDATA[Database setup complete
]]></system-out>
  </testcase>
  <testcase name="serviceUpdatePlanetNegativeTest[18]" classname="com.revature.service.negative.PlanetServiceUpdateNegativeTest" time="1.096">
    <system-out><![CDATA[Database setup complete
]]></system-out>
  </testcase>
  <testcase name="serviceUpdatePlanetNegativeTest[19]" classname="com.revature.service.negative.PlanetServiceUpdateNegativeTest" time="1.246">
    <system-out><![CDATA[Database setup complete
]]></system-out>
  </testcase>
  <testcase name="serviceUpdatePlanetNegativeTest[20]" classname="com.revature.service.negative.PlanetServiceUpdateNegativeTest" time="1.179">
    <system-out><![CDATA[Database setup complete
]]></system-out>
  </testcase>
  <testcase name="serviceUpdatePlanetNegativeTest[21]" classname="com.revature.service.negative.PlanetServiceUpdateNegativeTest" time="1.243">
    <system-out><![CDATA[Database setup complete
]]></system-out>
  </testcase>
  <testcase name="serviceUpdatePlanetNegativeTest[22]" classname="com.revature.service.negative.PlanetServiceUpdateNegativeTest" time="1.128">
    <system-out><![CDATA[Database setup complete
]]></system-out>
  </testcase>
  <testcase name="serviceUpdatePlanetNegativeTest[23]" classname="com.revature.service.negative.PlanetServiceUpdateNegativeTest" time="1.085">
    <system-out><![CDATA[Database setup complete
]]></system-out>
  </testcase>
  <testcase name="serviceUpdatePlanetNegativeTest[24]" classname="com.revature.service.negative.PlanetServiceUpdateNegativeTest" time="1.129">
    <system-out><![CDATA[Database setup complete
]]></system-out>
  </testcase>
  <testcase name="serviceUpdatePlanetNegativeTest[25]" classname="com.revature.service.negative.PlanetServiceUpdateNegativeTest" time="1.231">
    <system-out><![CDATA[Database setup complete
]]></system-out>
  </testcase>
  <testcase name="serviceUpdatePlanetNegativeTest[26]" classname="com.revature.service.negative.PlanetServiceUpdateNegativeTest" time="1.172">
    <system-out><![CDATA[Database setup complete
]]></system-out>
  </testcase>
  <testcase name="serviceUpdatePlanetNegativeTest[27]" classname="com.revature.service.negative.PlanetServiceUpdateNegativeTest" time="1.186">
    <system-out><![CDATA[Database setup complete
]]></system-out>
  </testcase>
  <testcase name="serviceUpdatePlanetNegativeTest[28]" classname="com.revature.service.negative.PlanetServiceUpdateNegativeTest" time="1.21">
    <system-out><![CDATA[Database setup complete
]]></system-out>
  </testcase>
  <testcase name="serviceUpdatePlanetNegativeTest[29]" classname="com.revature.service.negative.PlanetServiceUpdateNegativeTest" time="1.109">
    <system-out><![CDATA[Database setup complete
]]></system-out>
  </testcase>
  <testcase name="serviceUpdatePlanetNegativeTest[30]" classname="com.revature.service.negative.PlanetServiceUpdateNegativeTest" time="1.14">
    <system-out><![CDATA[Database setup complete
]]></system-out>
  </testcase>
  <testcase name="serviceUpdatePlanetNegativeTest[31]" classname="com.revature.service.negative.PlanetServiceUpdateNegativeTest" time="1.179">
    <system-out><![CDATA[Database setup complete
]]></system-out>
  </testcase>
  <testcase name="serviceUpdatePlanetNegativeTest[32]" classname="com.revature.service.negative.PlanetServiceUpdateNegativeTest" time="1.073">
    <system-out><![CDATA[Database setup complete
]]></system-out>
  </testcase>
  <testcase name="serviceUpdatePlanetNegativeTest[33]" classname="com.revature.service.negative.PlanetServiceUpdateNegativeTest" time="1.128">
    <system-out><![CDATA[Database setup complete
]]></system-out>
  </testcase>
  <testcase name="serviceUpdatePlanetNegativeTest[34]" classname="com.revature.service.negative.PlanetServiceUpdateNegativeTest" time="1.145">
    <system-out><![CDATA[Database setup complete
]]></system-out>
  </testcase>
  <testcase name="serviceUpdatePlanetNegativeTest[35]" classname="com.revature.service.negative.PlanetServiceUpdateNegativeTest" time="1.148">
    <system-out><![CDATA[Database setup complete
]]></system-out>
  </testcase>
  <testcase name="serviceUpdatePlanetNegativeTest[36]" classname="com.revature.service.negative.PlanetServiceUpdateNegativeTest" time="1.05">
    <system-out><![CDATA[Database setup complete
]]></system-out>
  </testcase>
  <testcase name="serviceUpdatePlanetNegativeTest[37]" classname="com.revature.service.negative.PlanetServiceUpdateNegativeTest" time="1.045">
    <system-out><![CDATA[Database setup complete
]]></system-out>
  </testcase>
  <testcase name="serviceUpdatePlanetNegativeTest[38]" classname="com.revature.service.negative.PlanetServiceUpdateNegativeTest" time="1.082">
    <system-out><![CDATA[Database setup complete
]]></system-out>
  </testcase>
  <testcase name="serviceUpdatePlanetNegativeTest[39]" classname="com.revature.service.negative.PlanetServiceUpdateNegativeTest" time="1.046">
    <system-out><![CDATA[Database setup complete
]]></system-out>
  </testcase>
  <testcase name="serviceUpdatePlanetNegativeTest[40]" classname="com.revature.service.negative.PlanetServiceUpdateNegativeTest" time="1.125">
    <system-out><![CDATA[Database setup complete
]]></system-out>
  </testcase>
  <testcase name="serviceUpdatePlanetNegativeTest[41]" classname="com.revature.service.negative.PlanetServiceUpdateNegativeTest" time="1.062">
    <system-out><![CDATA[Database setup complete
]]></system-out>
  </testcase>
  <testcase name="serviceUpdatePlanetPositiveTest[0]" classname="com.revature.service.positive.PlanetServiceUpdatePositiveTest" time="1.184">
    <system-out><![CDATA[Database setup complete
]]></system-out>
  </testcase>
  <testcase name="serviceUpdatePlanetPositiveTest[1]" classname="com.revature.service.positive.PlanetServiceUpdatePositiveTest" time="1.216">
    <system-out><![CDATA[Database setup complete
]]></system-out>
  </testcase>
  <testcase name="serviceUpdatePlanetPositiveTest[2]" classname="com.revature.service.positive.PlanetServiceUpdatePositiveTest" time="1.07">
    <system-out><![CDATA[Database setup complete
]]></system-out>
  </testcase>
  <testcase name="serviceUpdatePlanetPositiveTest[3]" classname="com.revature.service.positive.PlanetServiceUpdatePositiveTest" time="1.079">
    <system-out><![CDATA[Database setup complete
]]></system-out>
  </testcase>
  <testcase name="serviceUpdatePlanetPositiveTest[4]" classname="com.revature.service.positive.PlanetServiceUpdatePositiveTest" time="0.976">
    <system-out><![CDATA[Database setup complete
]]></system-out>
  </testcase>
  <testcase name="serviceUpdatePlanetPositiveTest[5]" classname="com.revature.service.positive.PlanetServiceUpdatePositiveTest" time="1.057">
    <system-out><![CDATA[Database setup complete
]]></system-out>
  </testcase>
  <testcase name="daoDeleteMoonPositiveTest" classname="com.revature.repository.positive.MoonDaoPositiveTest" time="1.588">
    <system-out><![CDATA[Database setup complete
]]></system-out>
  </testcase>
  <testcase name="daoCreateMoonPositiveTestJPG" classname="com.revature.repository.positive.MoonDaoPositiveTest" time="2.667">
    <system-out><![CDATA[Database setup complete
]]></system-out>
  </testcase>
  <testcase name="daoCreateMoonPositiveTestPNG" classname="com.revature.repository.positive.MoonDaoPositiveTest" time="2.437">
    <system-out><![CDATA[Database setup complete
]]></system-out>
  </testcase>
  <testcase name="daoCreateMoonPositiveTestNoImage" classname="com.revature.repository.positive.MoonDaoPositiveTest" time="2.46">
    <system-out><![CDATA[Database setup complete
]]></system-out>
  </testcase>
  <testcase name="daoReadMoonsByPlanetPositiveTest" classname="com.revature.repository.positive.MoonDaoPositiveTest" time="1.659">
    <system-out><![CDATA[Database setup complete
]]></system-out>
  </testcase>
  <testcase name="daoDeleteMoonNegativeTest" classname="com.revature.repository.negative.MoonDaoDeletionNegativeTest" time="1.504">
    <system-out><![CDATA[Database setup complete
]]></system-out>
  </testcase>
  <testcase name="daoReadMoonsByPlanetNegativeTest" classname="com.revature.repository.negative.MoonDaoRetrievalNegativeTest" time="1.478">
    <system-out><![CDATA[Database setup complete
]]></system-out>
  </testcase>
  <testcase name="daoCreateMoonNegativeTest[0]" classname="com.revature.repository.negative.MoonDaoCreateMoonNegativeTest" time="1.397">
    <system-out><![CDATA[Database setup complete
]]></system-out>
  </testcase>
  <testcase name="daoCreateMoonNegativeTest[1]" classname="com.revature.repository.negative.MoonDaoCreateMoonNegativeTest" time="1.471">
    <system-out><![CDATA[Database setup complete
]]></system-out>
  </testcase>
  <testcase name="daoCreateMoonNegativeTest[2]" classname="com.revature.repository.negative.MoonDaoCreateMoonNegativeTest" time="1.483">
    <system-out><![CDATA[Database setup complete
]]></system-out>
  </testcase>
  <testcase name="daoCreateMoonNegativeTest[3]" classname="com.revature.repository.negative.MoonDaoCreateMoonNegativeTest" time="1.545">
    <system-out><![CDATA[Database setup complete
]]></system-out>
  </testcase>
  <testcase name="daoCreateMoonNegativeTest[4]" classname="com.revature.repository.negative.MoonDaoCreateMoonNegativeTest" time="1.784">
    <system-out><![CDATA[Database setup complete
]]></system-out>
  </testcase>
  <testcase name="daoCreateMoonNegativeTest[5]" classname="com.revature.repository.negative.MoonDaoCreateMoonNegativeTest" time="1.505">
    <system-out><![CDATA[Database setup complete
]]></system-out>
  </testcase>
  <testcase name="daoCreateMoonNegativeTest[6]" classname="com.revature.repository.negative.MoonDaoCreateMoonNegativeTest" time="1.963">
    <system-out><![CDATA[Database setup complete
]]></system-out>
  </testcase>
  <testcase name="daoCreateMoonNegativeTest[7]" classname="com.revature.repository.negative.MoonDaoCreateMoonNegativeTest" time="1.572">
    <system-out><![CDATA[Database setup complete
]]></system-out>
  </testcase>
  <testcase name="daoCreateMoonNegativeTest[8]" classname="com.revature.repository.negative.MoonDaoCreateMoonNegativeTest" time="1.839">
    <system-out><![CDATA[Database setup complete
]]></system-out>
  </testcase>
  <testcase name="daoCreateMoonNegativeTest[9]" classname="com.revature.repository.negative.MoonDaoCreateMoonNegativeTest" time="1.609">
    <system-out><![CDATA[Database setup complete
]]></system-out>
  </testcase>
  <testcase name="daoCreateMoonNegativeTest[10]" classname="com.revature.repository.negative.MoonDaoCreateMoonNegativeTest" time="1.602">
    <system-out><![CDATA[Database setup complete
]]></system-out>
  </testcase>
  <testcase name="daoCreateMoonNegativeTest[11]" classname="com.revature.repository.negative.MoonDaoCreateMoonNegativeTest" time="1.882">
    <system-out><![CDATA[Database setup complete
]]></system-out>
  </testcase>
  <testcase name="daoCreateMoonNegativeTest[12]" classname="com.revature.repository.negative.MoonDaoCreateMoonNegativeTest" time="1.59">
    <system-out><![CDATA[Database setup complete
]]></system-out>
  </testcase>
  <testcase name="daoCreateMoonNegativeTest[13]" classname="com.revature.repository.negative.MoonDaoCreateMoonNegativeTest" time="1.419">
    <system-out><![CDATA[Database setup complete
]]></system-out>
  </testcase>
  <testcase name="daoCreateMoonNegativeTest[14]" classname="com.revature.repository.negative.MoonDaoCreateMoonNegativeTest" time="1.767">
    <system-out><![CDATA[Database setup complete
]]></system-out>
  </testcase>
  <testcase name="daoCreateMoonNegativeTest[15]" classname="com.revature.repository.negative.MoonDaoCreateMoonNegativeTest" time="1.463">
    <system-out><![CDATA[Database setup complete
]]></system-out>
  </testcase>
  <testcase name="daoUpdateMoonPositiveTest[0]" classname="com.revature.repository.positive.MoonDaoUpdatePositiveTest" time="2.987">
    <system-out><![CDATA[Database setup complete
]]></system-out>
  </testcase>
  <testcase name="daoUpdateMoonPositiveTest[1]" classname="com.revature.repository.positive.MoonDaoUpdatePositiveTest" time="3.049">
    <system-out><![CDATA[Database setup complete
]]></system-out>
  </testcase>
  <testcase name="daoUpdateMoonPositiveTest[2]" classname="com.revature.repository.positive.MoonDaoUpdatePositiveTest" time="2.786">
    <system-out><![CDATA[Database setup complete
]]></system-out>
  </testcase>
  <testcase name="daoUpdateMoonPositiveTest[3]" classname="com.revature.repository.positive.MoonDaoUpdatePositiveTest" time="2.875">
    <system-out><![CDATA[Database setup complete
]]></system-out>
  </testcase>
  <testcase name="daoUpdateMoonPositiveTest[4]" classname="com.revature.repository.positive.MoonDaoUpdatePositiveTest" time="2.983">
    <system-out><![CDATA[Database setup complete
]]></system-out>
  </testcase>
  <testcase name="daoUpdateMoonPositiveTest[5]" classname="com.revature.repository.positive.MoonDaoUpdatePositiveTest" time="2.805">
    <system-out><![CDATA[Database setup complete
]]></system-out>
  </testcase>
  <testcase name="daoUpdateMoonNegativeTest[0]" classname="com.revature.repository.negative.MoonDaoUpdateNegativeTest" time="2.46">
    <system-out><![CDATA[Database setup complete
]]></system-out>
  </testcase>
  <testcase name="daoUpdateMoonNegativeTest[1]" classname="com.revature.repository.negative.MoonDaoUpdateNegativeTest" time="2.482">
    <system-out><![CDATA[Database setup complete
]]></system-out>
  </testcase>
  <testcase name="daoUpdateMoonNegativeTest[2]" classname="com.revature.repository.negative.MoonDaoUpdateNegativeTest" time="2.371">
    <system-out><![CDATA[Database setup complete
]]></system-out>
  </testcase>
  <testcase name="daoUpdateMoonNegativeTest[3]" classname="com.revature.repository.negative.MoonDaoUpdateNegativeTest" time="2.388">
    <system-out><![CDATA[Database setup complete
]]></system-out>
  </testcase>
  <testcase name="daoUpdateMoonNegativeTest[4]" classname="com.revature.repository.negative.MoonDaoUpdateNegativeTest" time="2.649">
    <system-out><![CDATA[Database setup complete
]]></system-out>
  </testcase>
  <testcase name="daoUpdateMoonNegativeTest[5]" classname="com.revature.repository.negative.MoonDaoUpdateNegativeTest" time="2.528">
    <system-out><![CDATA[Database setup complete
]]></system-out>
  </testcase>
  <testcase name="daoUpdateMoonNegativeTest[6]" classname="com.revature.repository.negative.MoonDaoUpdateNegativeTest" time="1.883">
    <system-out><![CDATA[Database setup complete
]]></system-out>
  </testcase>
  <testcase name="daoUpdateMoonNegativeTest[7]" classname="com.revature.repository.negative.MoonDaoUpdateNegativeTest" time="1.847">
    <system-out><![CDATA[Database setup complete
]]></system-out>
  </testcase>
  <testcase name="daoUpdateMoonNegativeTest[8]" classname="com.revature.repository.negative.MoonDaoUpdateNegativeTest" time="2.05">
    <system-out><![CDATA[Database setup complete
]]></system-out>
  </testcase>
  <testcase name="daoUpdateMoonNegativeTest[9]" classname="com.revature.repository.negative.MoonDaoUpdateNegativeTest" time="1.915">
    <system-out><![CDATA[Database setup complete
]]></system-out>
  </testcase>
  <testcase name="daoUpdateMoonNegativeTest[10]" classname="com.revature.repository.negative.MoonDaoUpdateNegativeTest" time="1.927">
    <system-out><![CDATA[Database setup complete
]]></system-out>
  </testcase>
  <testcase name="daoUpdateMoonNegativeTest[11]" classname="com.revature.repository.negative.MoonDaoUpdateNegativeTest" time="2.013">
    <system-out><![CDATA[Database setup complete
]]></system-out>
  </testcase>
  <testcase name="daoUpdateMoonNegativeTest[12]" classname="com.revature.repository.negative.MoonDaoUpdateNegativeTest" time="1.943">
    <system-out><![CDATA[Database setup complete
]]></system-out>
  </testcase>
  <testcase name="daoUpdateMoonNegativeTest[13]" classname="com.revature.repository.negative.MoonDaoUpdateNegativeTest" time="1.934">
    <system-out><![CDATA[Database setup complete
]]></system-out>
  </testcase>
  <testcase name="daoUpdateMoonNegativeTest[14]" classname="com.revature.repository.negative.MoonDaoUpdateNegativeTest" time="2.01">
    <system-out><![CDATA[Database setup complete
]]></system-out>
  </testcase>
  <testcase name="daoUpdateMoonNegativeTest[15]" classname="com.revature.repository.negative.MoonDaoUpdateNegativeTest" time="1.885">
    <system-out><![CDATA[Database setup complete
]]></system-out>
  </testcase>
  <testcase name="daoUpdateMoonNegativeTest[16]" classname="com.revature.repository.negative.MoonDaoUpdateNegativeTest" time="1.921">
    <system-out><![CDATA[Database setup complete
]]></system-out>
  </testcase>
  <testcase name="daoUpdateMoonNegativeTest[17]" classname="com.revature.repository.negative.MoonDaoUpdateNegativeTest" time="1.937">
    <system-out><![CDATA[Database setup complete
]]></system-out>
  </testcase>
  <testcase name="daoUpdateMoonNegativeTest[18]" classname="com.revature.repository.negative.MoonDaoUpdateNegativeTest" time="1.879">
    <system-out><![CDATA[Database setup complete
]]></system-out>
  </testcase>
  <testcase name="daoUpdateMoonNegativeTest[19]" classname="com.revature.repository.negative.MoonDaoUpdateNegativeTest" time="1.98">
    <system-out><![CDATA[Database setup complete
]]></system-out>
  </testcase>
  <testcase name="daoUpdateMoonNegativeTest[20]" classname="com.revature.repository.negative.MoonDaoUpdateNegativeTest" time="2.009">
    <system-out><![CDATA[Database setup complete
]]></system-out>
  </testcase>
  <testcase name="daoUpdateMoonNegativeTest[21]" classname="com.revature.repository.negative.MoonDaoUpdateNegativeTest" time="2.032">
    <system-out><![CDATA[Database setup complete
]]></system-out>
  </testcase>
  <testcase name="daoUpdateMoonNegativeTest[22]" classname="com.revature.repository.negative.MoonDaoUpdateNegativeTest" time="1.988">
    <system-out><![CDATA[Database setup complete
]]></system-out>
  </testcase>
  <testcase name="daoUpdateMoonNegativeTest[23]" classname="com.revature.repository.negative.MoonDaoUpdateNegativeTest" time="1.921">
    <system-out><![CDATA[Database setup complete
]]></system-out>
  </testcase>
  <testcase name="daoUpdateMoonNegativeTest[24]" classname="com.revature.repository.negative.MoonDaoUpdateNegativeTest" time="2.147">
    <system-out><![CDATA[Database setup complete
]]></system-out>
  </testcase>
  <testcase name="daoUpdateMoonNegativeTest[25]" classname="com.revature.repository.negative.MoonDaoUpdateNegativeTest" time="2.157">
    <system-out><![CDATA[Database setup complete
]]></system-out>
  </testcase>
  <testcase name="daoUpdateMoonNegativeTest[26]" classname="com.revature.repository.negative.MoonDaoUpdateNegativeTest" time="2.193">
    <system-out><![CDATA[Database setup complete
]]></system-out>
  </testcase>
  <testcase name="daoUpdateMoonNegativeTest[27]" classname="com.revature.repository.negative.MoonDaoUpdateNegativeTest" time="2.288">
    <system-out><![CDATA[Database setup complete
]]></system-out>
  </testcase>
  <testcase name="daoUpdateMoonNegativeTest[28]" classname="com.revature.repository.negative.MoonDaoUpdateNegativeTest" time="2.104">
    <system-out><![CDATA[Database setup complete
]]></system-out>
  </testcase>
  <testcase name="daoUpdateMoonNegativeTest[29]" classname="com.revature.repository.negative.MoonDaoUpdateNegativeTest" time="2.233">
    <system-out><![CDATA[Database setup complete
]]></system-out>
  </testcase>
  <testcase name="daoUpdateMoonNegativeTest[30]" classname="com.revature.repository.negative.MoonDaoUpdateNegativeTest" time="1.4">
    <system-out><![CDATA[Database setup complete
]]></system-out>
  </testcase>
  <testcase name="daoUpdateMoonNegativeTest[31]" classname="com.revature.repository.negative.MoonDaoUpdateNegativeTest" time="1.479">
    <system-out><![CDATA[Database setup complete
]]></system-out>
  </testcase>
  <testcase name="daoUpdateMoonNegativeTest[32]" classname="com.revature.repository.negative.MoonDaoUpdateNegativeTest" time="1.502">
    <system-out><![CDATA[Database setup complete
]]></system-out>
  </testcase>
  <testcase name="daoUpdateMoonNegativeTest[33]" classname="com.revature.repository.negative.MoonDaoUpdateNegativeTest" time="1.445">
    <system-out><![CDATA[Database setup complete
]]></system-out>
  </testcase>
  <testcase name="daoUpdateMoonNegativeTest[34]" classname="com.revature.repository.negative.MoonDaoUpdateNegativeTest" time="1.436">
    <system-out><![CDATA[Database setup complete
]]></system-out>
  </testcase>
  <testcase name="daoUpdateMoonNegativeTest[35]" classname="com.revature.repository.negative.MoonDaoUpdateNegativeTest" time="1.36">
    <system-out><![CDATA[Database setup complete
]]></system-out>
  </testcase>
  <testcase name="daoUpdateMoonNegativeTest[36]" classname="com.revature.repository.negative.MoonDaoUpdateNegativeTest" time="1.479">
    <system-out><![CDATA[Database setup complete
]]></system-out>
  </testcase>
  <testcase name="daoUpdateMoonNegativeTest[37]" classname="com.revature.repository.negative.MoonDaoUpdateNegativeTest" time="1.422">
    <system-out><![CDATA[Database setup complete
]]></system-out>
  </testcase>
  <testcase name="daoUpdateMoonNegativeTest[38]" classname="com.revature.repository.negative.MoonDaoUpdateNegativeTest" time="1.43">
    <system-out><![CDATA[Database setup complete
]]></system-out>
  </testcase>
  <testcase name="daoUpdateMoonNegativeTest[39]" classname="com.revature.repository.negative.MoonDaoUpdateNegativeTest" time="1.356">
    <system-out><![CDATA[Database setup complete
]]></system-out>
  </testcase>
  <testcase name="daoUpdateMoonNegativeTest[40]" classname="com.revature.repository.negative.MoonDaoUpdateNegativeTest" time="1.471">
    <system-out><![CDATA[Database setup complete
]]></system-out>
  </testcase>
  <testcase name="daoUpdateMoonNegativeTest[41]" classname="com.revature.repository.negative.MoonDaoUpdateNegativeTest" time="1.457">
    <system-out><![CDATA[Database setup complete
]]></system-out>
  </testcase>
  <testcase name="serviceCreateMoonImagePositiveTestJPG" classname="com.revature.service.positive.MoonServicePositiveTest" time="1.114">
    <system-out><![CDATA[Database setup complete
]]></system-out>
  </testcase>
  <testcase name="serviceCreateMoonImagePositiveTestPNG" classname="com.revature.service.positive.MoonServicePositiveTest" time="1.044">
    <system-out><![CDATA[Database setup complete
]]></system-out>
  </testcase>
  <testcase name="serviceSelectByPlanetPositiveTest" classname="com.revature.service.positive.MoonServicePositiveTest" time="1.084">
    <system-out><![CDATA[Database setup complete
]]></system-out>
  </testcase>
  <testcase name="serviceDeleteMoonWithoutImagePositiveTest" classname="com.revature.service.positive.MoonServicePositiveTest" time="1.097">
    <system-out><![CDATA[Database setup complete
]]></system-out>
  </testcase>
  <testcase name="serviceCreateMoonWithoutImagePositiveTest" classname="com.revature.service.positive.MoonServicePositiveTest" time="1.106">
    <system-out><![CDATA[Database setup complete
]]></system-out>
  </testcase>
  <testcase name="serviceCreateMoonNegativeTest[0]" classname="com.revature.service.negative.MoonServiceCreateMoonNegativeTest" time="1.064">
    <system-out><![CDATA[Database setup complete
]]></system-out>
  </testcase>
  <testcase name="serviceCreateMoonNegativeTest[1]" classname="com.revature.service.negative.MoonServiceCreateMoonNegativeTest" time="0.979">
    <system-out><![CDATA[Database setup complete
]]></system-out>
  </testcase>
  <testcase name="serviceCreateMoonNegativeTest[2]" classname="com.revature.service.negative.MoonServiceCreateMoonNegativeTest" time="1.065">
    <system-out><![CDATA[Database setup complete
]]></system-out>
  </testcase>
  <testcase name="serviceCreateMoonNegativeTest[3]" classname="com.revature.service.negative.MoonServiceCreateMoonNegativeTest" time="1.071">
    <system-out><![CDATA[Database setup complete
]]></system-out>
  </testcase>
  <testcase name="serviceCreateMoonNegativeTest[4]" classname="com.revature.service.negative.MoonServiceCreateMoonNegativeTest" time="1.095">
    <system-out><![CDATA[Database setup complete
]]></system-out>
  </testcase>
  <testcase name="serviceCreateMoonNegativeTest[5]" classname="com.revature.service.negative.MoonServiceCreateMoonNegativeTest" time="1.108">
    <system-out><![CDATA[Database setup complete
]]></system-out>
  </testcase>
  <testcase name="serviceSelectByPlanetNegativeTest" classname="com.revature.service.negative.MoonServiceRetrievalNegativeTest" time="1.106">
    <system-out><![CDATA[Database setup complete
[]
]]></system-out>
  </testcase>
  <testcase name="serviceDeleteMoonNegativeTest" classname="com.revature.service.negative.MoonServiceDeleteMoonNegativeTest" time="1.1">
    <system-out><![CDATA[Database setup complete
]]></system-out>
  </testcase>
  <testcase name="serviceUpdateMoonPositiveTest[0]" classname="com.revature.service.positive.MoonServiceUpdatePositiveTest" time="1.091">
    <system-out><![CDATA[Database setup complete
]]></system-out>
  </testcase>
  <testcase name="serviceUpdateMoonPositiveTest[1]" classname="com.revature.service.positive.MoonServiceUpdatePositiveTest" time="1.151">
    <system-out><![CDATA[Database setup complete
]]></system-out>
  </testcase>
  <testcase name="serviceUpdateMoonPositiveTest[2]" classname="com.revature.service.positive.MoonServiceUpdatePositiveTest" time="1.129">
    <system-out><![CDATA[Database setup complete
]]></system-out>
  </testcase>
  <testcase name="serviceUpdateMoonPositiveTest[3]" classname="com.revature.service.positive.MoonServiceUpdatePositiveTest" time="1.085">
    <system-out><![CDATA[Database setup complete
]]></system-out>
  </testcase>
  <testcase name="serviceUpdateMoonPositiveTest[4]" classname="com.revature.service.positive.MoonServiceUpdatePositiveTest" time="1.089">
    <system-out><![CDATA[Database setup complete
]]></system-out>
  </testcase>
  <testcase name="serviceUpdateMoonPositiveTest[5]" classname="com.revature.service.positive.MoonServiceUpdatePositiveTest" time="1.051">
    <system-out><![CDATA[Database setup complete
]]></system-out>
  </testcase>
  <testcase name="serviceUpdateMoonNegativeTest[0]" classname="com.revature.service.negative.MoonServiceUpdateNegativeTest" time="1.104">
    <system-out><![CDATA[Database setup complete
]]></system-out>
  </testcase>
  <testcase name="serviceUpdateMoonNegativeTest[1]" classname="com.revature.service.negative.MoonServiceUpdateNegativeTest" time="1.033">
    <system-out><![CDATA[Database setup complete
]]></system-out>
  </testcase>
  <testcase name="serviceUpdateMoonNegativeTest[2]" classname="com.revature.service.negative.MoonServiceUpdateNegativeTest" time="1.074">
    <system-out><![CDATA[Database setup complete
]]></system-out>
  </testcase>
  <testcase name="serviceUpdateMoonNegativeTest[3]" classname="com.revature.service.negative.MoonServiceUpdateNegativeTest" time="1.02">
    <system-out><![CDATA[Database setup complete
]]></system-out>
  </testcase>
  <testcase name="serviceUpdateMoonNegativeTest[4]" classname="com.revature.service.negative.MoonServiceUpdateNegativeTest" time="0.972">
    <system-out><![CDATA[Database setup complete
]]></system-out>
  </testcase>
  <testcase name="serviceUpdateMoonNegativeTest[5]" classname="com.revature.service.negative.MoonServiceUpdateNegativeTest" time="1.023">
    <system-out><![CDATA[Database setup complete
]]></system-out>
  </testcase>
  <testcase name="serviceUpdateMoonNegativeTest[6]" classname="com.revature.service.negative.MoonServiceUpdateNegativeTest" time="1.089">
    <system-out><![CDATA[Database setup complete
]]></system-out>
  </testcase>
  <testcase name="serviceUpdateMoonNegativeTest[7]" classname="com.revature.service.negative.MoonServiceUpdateNegativeTest" time="1.107">
    <system-out><![CDATA[Database setup complete
]]></system-out>
  </testcase>
  <testcase name="serviceUpdateMoonNegativeTest[8]" classname="com.revature.service.negative.MoonServiceUpdateNegativeTest" time="1.075">
    <system-out><![CDATA[Database setup complete
]]></system-out>
  </testcase>
  <testcase name="serviceUpdateMoonNegativeTest[9]" classname="com.revature.service.negative.MoonServiceUpdateNegativeTest" time="1.026">
    <system-out><![CDATA[Database setup complete
]]></system-out>
  </testcase>
  <testcase name="serviceUpdateMoonNegativeTest[10]" classname="com.revature.service.negative.MoonServiceUpdateNegativeTest" time="1.137">
    <system-out><![CDATA[Database setup complete
]]></system-out>
  </testcase>
  <testcase name="serviceUpdateMoonNegativeTest[11]" classname="com.revature.service.negative.MoonServiceUpdateNegativeTest" time="1.055">
    <system-out><![CDATA[Database setup complete
]]></system-out>
  </testcase>
  <testcase name="serviceUpdateMoonNegativeTest[12]" classname="com.revature.service.negative.MoonServiceUpdateNegativeTest" time="1.107">
    <system-out><![CDATA[Database setup complete
]]></system-out>
  </testcase>
  <testcase name="serviceUpdateMoonNegativeTest[13]" classname="com.revature.service.negative.MoonServiceUpdateNegativeTest" time="1.09">
    <system-out><![CDATA[Database setup complete
]]></system-out>
  </testcase>
  <testcase name="serviceUpdateMoonNegativeTest[14]" classname="com.revature.service.negative.MoonServiceUpdateNegativeTest" time="1.098">
    <system-out><![CDATA[Database setup complete
]]></system-out>
  </testcase>
  <testcase name="serviceUpdateMoonNegativeTest[15]" classname="com.revature.service.negative.MoonServiceUpdateNegativeTest" time="1.073">
    <system-out><![CDATA[Database setup complete
]]></system-out>
  </testcase>
  <testcase name="serviceUpdateMoonNegativeTest[16]" classname="com.revature.service.negative.MoonServiceUpdateNegativeTest" time="1.052">
    <system-out><![CDATA[Database setup complete
]]></system-out>
  </testcase>
  <testcase name="serviceUpdateMoonNegativeTest[17]" classname="com.revature.service.negative.MoonServiceUpdateNegativeTest" time="1.08">
    <system-out><![CDATA[Database setup complete
]]></system-out>
  </testcase>
  <testcase name="serviceUpdateMoonNegativeTest[18]" classname="com.revature.service.negative.MoonServiceUpdateNegativeTest" time="1.242">
    <system-out><![CDATA[Database setup complete
]]></system-out>
  </testcase>
  <testcase name="serviceUpdateMoonNegativeTest[19]" classname="com.revature.service.negative.MoonServiceUpdateNegativeTest" time="1.06">
    <system-out><![CDATA[Database setup complete
]]></system-out>
  </testcase>
  <testcase name="serviceUpdateMoonNegativeTest[20]" classname="com.revature.service.negative.MoonServiceUpdateNegativeTest" time="1.074">
    <system-out><![CDATA[Database setup complete
]]></system-out>
  </testcase>
  <testcase name="serviceUpdateMoonNegativeTest[21]" classname="com.revature.service.negative.MoonServiceUpdateNegativeTest" time="1.034">
    <system-out><![CDATA[Database setup complete
]]></system-out>
  </testcase>
  <testcase name="serviceUpdateMoonNegativeTest[22]" classname="com.revature.service.negative.MoonServiceUpdateNegativeTest" time="1.074">
    <system-out><![CDATA[Database setup complete
]]></system-out>
  </testcase>
  <testcase name="serviceUpdateMoonNegativeTest[23]" classname="com.revature.service.negative.MoonServiceUpdateNegativeTest" time="1.112">
    <system-out><![CDATA[Database setup complete
]]></system-out>
  </testcase>
  <testcase name="serviceUpdateMoonNegativeTest[24]" classname="com.revature.service.negative.MoonServiceUpdateNegativeTest" time="1.015">
    <system-out><![CDATA[Database setup complete
]]></system-out>
  </testcase>
  <testcase name="serviceUpdateMoonNegativeTest[25]" classname="com.revature.service.negative.MoonServiceUpdateNegativeTest" time="1.084">
    <system-out><![CDATA[Database setup complete
]]></system-out>
  </testcase>
  <testcase name="serviceUpdateMoonNegativeTest[26]" classname="com.revature.service.negative.MoonServiceUpdateNegativeTest" time="1.043">
    <system-out><![CDATA[Database setup complete
]]></system-out>
  </testcase>
  <testcase name="serviceUpdateMoonNegativeTest[27]" classname="com.revature.service.negative.MoonServiceUpdateNegativeTest" time="1.05">
    <system-out><![CDATA[Database setup complete
]]></system-out>
  </testcase>
  <testcase name="serviceUpdateMoonNegativeTest[28]" classname="com.revature.service.negative.MoonServiceUpdateNegativeTest" time="1.25">
    <system-out><![CDATA[Database setup complete
]]></system-out>
  </testcase>
  <testcase name="serviceUpdateMoonNegativeTest[29]" classname="com.revature.service.negative.MoonServiceUpdateNegativeTest" time="1.241">
    <system-out><![CDATA[Database setup complete
]]></system-out>
  </testcase>
  <testcase name="serviceUpdateMoonNegativeTest[30]" classname="com.revature.service.negative.MoonServiceUpdateNegativeTest" time="1.162">
    <system-out><![CDATA[Database setup complete
]]></system-out>
  </testcase>
  <testcase name="serviceUpdateMoonNegativeTest[31]" classname="com.revature.service.negative.MoonServiceUpdateNegativeTest" time="1.198">
    <system-out><![CDATA[Database setup complete
]]></system-out>
  </testcase>
  <testcase name="serviceUpdateMoonNegativeTest[32]" classname="com.revature.service.negative.MoonServiceUpdateNegativeTest" time="1.019">
    <system-out><![CDATA[Database setup complete
]]></system-out>
  </testcase>
  <testcase name="serviceUpdateMoonNegativeTest[33]" classname="com.revature.service.negative.MoonServiceUpdateNegativeTest" time="1.128">
    <system-out><![CDATA[Database setup complete
]]></system-out>
  </testcase>
  <testcase name="serviceUpdateMoonNegativeTest[34]" classname="com.revature.service.negative.MoonServiceUpdateNegativeTest" time="1.212">
    <system-out><![CDATA[Database setup complete
]]></system-out>
  </testcase>
  <testcase name="serviceUpdateMoonNegativeTest[35]" classname="com.revature.service.negative.MoonServiceUpdateNegativeTest" time="1.175">
    <system-out><![CDATA[Database setup complete
]]></system-out>
  </testcase>
  <testcase name="serviceUpdateMoonNegativeTest[36]" classname="com.revature.service.negative.MoonServiceUpdateNegativeTest" time="1.075">
    <system-out><![CDATA[Database setup complete
]]></system-out>
  </testcase>
  <testcase name="serviceUpdateMoonNegativeTest[37]" classname="com.revature.service.negative.MoonServiceUpdateNegativeTest" time="1.083">
    <system-out><![CDATA[Database setup complete
]]></system-out>
  </testcase>
  <testcase name="serviceUpdateMoonNegativeTest[38]" classname="com.revature.service.negative.MoonServiceUpdateNegativeTest" time="1.201">
    <system-out><![CDATA[Database setup complete
]]></system-out>
  </testcase>
  <testcase name="serviceUpdateMoonNegativeTest[39]" classname="com.revature.service.negative.MoonServiceUpdateNegativeTest" time="1.181">
    <system-out><![CDATA[Database setup complete
]]></system-out>
  </testcase>
  <testcase name="serviceUpdateMoonNegativeTest[40]" classname="com.revature.service.negative.MoonServiceUpdateNegativeTest" time="1.205">
    <system-out><![CDATA[Database setup complete
]]></system-out>
  </testcase>
  <testcase name="serviceUpdateMoonNegativeTest[41]" classname="com.revature.service.negative.MoonServiceUpdateNegativeTest" time="1.127">
    <system-out><![CDATA[Database setup complete
]]></system-out>
  </testcase>
</testsuite>